[debug] [2023-07-06T00:21:23.586Z] ----------------------------------------------------------------------
[debug] [2023-07-06T00:21:23.590Z] Command:       C:\Program Files\nodejs\node.exe C:\Users\Lenovo\AppData\Roaming\npm\node_modules\firebase-tools\lib\bin\firebase.js init
[debug] [2023-07-06T00:21:23.591Z] CLI Version:   12.4.2
[debug] [2023-07-06T00:21:23.592Z] Platform:      win32
[debug] [2023-07-06T00:21:23.592Z] Node Version:  v18.13.0
[debug] [2023-07-06T00:21:23.594Z] Time:          Wed Jul 05 2023 18:21:23 GMT-0600 (hora estándar central)
[debug] [2023-07-06T00:21:23.594Z] ----------------------------------------------------------------------
[debug] 
[debug] [2023-07-06T00:21:23.601Z] >>> [apiv2][query] GET https://firebase-public.firebaseio.com/cli.json [none]
[debug] [2023-07-06T00:21:23.682Z] > command requires scopes: ["email","openid","https://www.googleapis.com/auth/cloudplatformprojects.readonly","https://www.googleapis.com/auth/firebase","https://www.googleapis.com/auth/cloud-platform"]
[debug] [2023-07-06T00:21:23.683Z] > authorizing via signed-in user (jcctramitedevisas@gmail.com)
[info] 
     ######## #### ########  ######## ########     ###     ######  ########
     ##        ##  ##     ## ##       ##     ##  ##   ##  ##       ##
     ######    ##  ########  ######   ########  #########  ######  ######
     ##        ##  ##    ##  ##       ##     ## ##     ##       ## ##
     ##       #### ##     ## ######## ########  ##     ##  ######  ########

You're about to initialize a Firebase project in this directory:

  C:\Users\Lenovo\OneDrive\Escritorio\PageDS-160\DS-160

[debug] [2023-07-06T00:21:25.293Z] <<< [apiv2][status] GET https://firebase-public.firebaseio.com/cli.json 200
[debug] [2023-07-06T00:21:25.295Z] <<< [apiv2][body] GET https://firebase-public.firebaseio.com/cli.json {"cloudBuildErrorAfter":1594252800000,"cloudBuildWarnAfter":1590019200000,"defaultNode10After":1594252800000,"minVersion":"3.0.5","node8DeploysDisabledAfter":1613390400000,"node8RuntimeDisabledAfter":1615809600000,"node8WarnAfter":1600128000000}
